<?xml version="1.0" encoding="UTF-8"?>
<!-- Generated by org.testng.reporters.JUnitReportReporter -->
<testsuite hostname="Laxmaiah-PC" failures="0" tests="1" name="com.VTiger.TestCases.TC_01WithTestNG" time="54.669" errors="0" timestamp="05 May 2022 06:14:19 GMT" skipped="0">
  <testcase classname="com.VTiger.TestCases.TC_01WithTestNG" name="createorg" time="54.669"/>
</testsuite> <!-- com.VTiger.TestCases.TC_01WithTestNG -->
