<?xml version="1.0" encoding="UTF-8"?>
<!-- Generated by org.testng.reporters.JUnitReportReporter -->
<testsuite hostname="Laxmaiah-PC" failures="0" tests="1" name="com.VTiger.TestCases.TC02WithTestNG" time="50.598" errors="0" timestamp="05 May 2022 06:16:39 GMT" skipped="0">
  <testcase classname="com.VTiger.TestCases.TC02WithTestNG" name="createorg_dd" time="50.598"/>
</testsuite> <!-- com.VTiger.TestCases.TC02WithTestNG -->
