<?xml version="1.0" encoding="UTF-8"?>
<!-- Generated by org.testng.reporters.JUnitReportReporter -->
<testsuite hostname="Laxmaiah-PC" failures="0" tests="1" name="com.VTiger.TestCases.TC03_WithTestNg" time="75.431" errors="0" timestamp="05 May 2022 06:22:26 GMT" skipped="0">
  <testcase classname="com.VTiger.TestCases.TC03_WithTestNg" name="createcontact_org" time="75.431"/>
</testsuite> <!-- com.VTiger.TestCases.TC03_WithTestNg -->
