<?xml version="1.0" encoding="UTF-8"?>
<!-- Generated by org.testng.reporters.JUnitReportReporter -->
<testsuite hostname="Laxmaiah-PC" failures="0" tests="1" name="com.VTiger.TestCases.TC02_WithTestNG" time="49.707" errors="0" timestamp="04 May 2022 11:03:43 GMT" skipped="0">
  <testcase classname="com.VTiger.TestCases.TC02_WithTestNG" name="createorg_dd" time="49.707"/>
</testsuite> <!-- com.VTiger.TestCases.TC02_WithTestNG -->
