<?xml version="1.0" encoding="UTF-8"?>
<!-- Generated by org.testng.reporters.JUnitReportReporter -->
<testsuite hostname="Laxmaiah-PC" failures="0" tests="1" name="com.TESTNG.practice.TakingScreenShot" time="11.905" errors="0" timestamp="05 May 2022 07:03:19 GMT" skipped="0">
  <testcase classname="com.TESTNG.practice.TakingScreenShot" name="screenshot" time="11.905"/>
</testsuite> <!-- com.TESTNG.practice.TakingScreenShot -->
