<?xml version="1.0" encoding="UTF-8"?>
<!-- Generated by org.testng.reporters.JUnitReportReporter -->
<testsuite hostname="Laxmaiah-PC" failures="0" tests="1" name="com.TESTNG.practice.SampleHardAssert" time="19.130" errors="0" timestamp="05 May 2022 06:06:08 GMT" skipped="0">
  <testcase classname="com.TESTNG.practice.SampleHardAssert" name="Org" time="19.130"/>
</testsuite> <!-- com.TESTNG.practice.SampleHardAssert -->
