<?xml version="1.0" encoding="UTF-8"?>
<!-- Generated by org.testng.reporters.JUnitReportReporter -->
<testsuite hostname="Laxmaiah-PC" failures="0" tests="1" name="com.TESTNG.practice.Test1" time="0.006" errors="0" timestamp="04 May 2022 11:42:19 GMT" skipped="0">
  <testcase classname="com.TESTNG.practice.Test1" name="testAndroidapp" time="0.006"/>
</testsuite> <!-- com.TESTNG.practice.Test1 -->
